PyTorch version: 2.9.0+cpu
CUDA available: False
Using device: cpu
============================================================
NeuCodec Tokenizer Evaluation on EuroSpeech Dataset
============================================================
Languages to evaluate: greece

Loading NeuCodec tokenizer...
Tokenizer loaded: NeuCodecTokenizer(checkpoint='neuphonic/neucodec', device='cpu', sample_rate=16000)
  Input sample rate: 16000 Hz
  Output sample rate: 24000 Hz
  Codebook size: 65,536
  Downsample rate: 320x

============================================================
Processing language: greece
============================================================
Loaded 100 samples for greece

============================================================
Summary for greece:
============================================================
Samples processed: 100

Reconstruction Metrics:
  MSE:         0.061726 ± 0.010562
  SNR (dB):    -2.06 ± 0.45 (min: -3.33, max: -0.64)
  SDR (dB):    -2.05 ± 0.45 (min: -3.35, max: -0.69)
  PESQ:        1.531 ± 0.063 (min: 1.269, max: 1.707)
  STOI:        0.6958 ± 0.0394 (min: 0.5473, max: 0.7646)
  ESTOI:       0.5041 ± 0.0334 (min: 0.3921, max: 0.5846)

Tokenization Statistics:
  Tokens/sec:        50.0 ± 0.0
  Compression ratio: 320.2x ± 0.1x

Results saved to: /users/mrieff/benchmark-audio-tokenizer/metrics/neucodec_greece_results.json

============================================================
Combined results saved to: /users/mrieff/benchmark-audio-tokenizer/metrics/neucodec_all_languages_summary.json
Evaluation complete!
