PyTorch version: 2.9.0+cpu
CUDA available: False
Using device: cpu
============================================================
NeuCodec Tokenizer Evaluation on EuroSpeech Dataset
============================================================
Languages to evaluate: denmark

Loading NeuCodec tokenizer...
Tokenizer loaded: NeuCodecTokenizer(checkpoint='neuphonic/neucodec', device='cpu', sample_rate=16000)
  Input sample rate: 16000 Hz
  Output sample rate: 24000 Hz
  Codebook size: 65,536
  Downsample rate: 320x

============================================================
Processing language: denmark
============================================================
Loaded 100 samples for denmark

============================================================
Summary for denmark:
============================================================
Samples processed: 100

Reconstruction Metrics:
  MSE:         0.012564 ± 0.007973
  SNR (dB):    -0.29 ± 1.20 (min: -4.90, max: 1.65)
  SDR (dB):    -0.27 ± 1.21 (min: -4.84, max: 1.51)
  PESQ:        1.926 ± 0.162 (min: 1.529, max: 2.442)
  STOI:        0.8641 ± 0.0377 (min: 0.5780, max: 0.9098)
  ESTOI:       0.7190 ± 0.0667 (min: 0.3700, max: 0.8121)

Tokenization Statistics:
  Tokens/sec:        50.0 ± 0.0
  Compression ratio: 320.2x ± 0.1x

Results saved to: /users/mrieff/benchmark-audio-tokenizer/metrics/neucodec_denmark_results.json

============================================================
Combined results saved to: /users/mrieff/benchmark-audio-tokenizer/metrics/neucodec_all_languages_summary.json
Evaluation complete!
