PyTorch version: 2.9.0+cpu
CUDA available: False
Using device: cpu
============================================================
NeuCodec Tokenizer Evaluation on EuroSpeech Dataset
============================================================
Languages to evaluate: bulgaria

Loading NeuCodec tokenizer...
Tokenizer loaded: NeuCodecTokenizer(checkpoint='neuphonic/neucodec', device='cpu', sample_rate=16000)
  Input sample rate: 16000 Hz
  Output sample rate: 24000 Hz
  Codebook size: 65,536
  Downsample rate: 320x

============================================================
Processing language: bulgaria
============================================================
Loaded 100 samples for bulgaria

============================================================
Summary for bulgaria:
============================================================
Samples processed: 100

Reconstruction Metrics:
  MSE:         0.028689 ± 0.014054
  SNR (dB):    -2.20 ± 1.25 (min: -4.29, max: 1.55)
  SDR (dB):    -2.15 ± 1.25 (min: -4.19, max: 1.68)
  PESQ:        1.970 ± 0.102 (min: 1.626, max: 2.250)
  STOI:        0.7753 ± 0.0584 (min: 0.4466, max: 0.8378)
  ESTOI:       0.5855 ± 0.0551 (min: 0.3235, max: 0.6721)

Tokenization Statistics:
  Tokens/sec:        50.0 ± 0.0
  Compression ratio: 320.2x ± 0.1x

Results saved to: /users/mrieff/benchmark-audio-tokenizer/metrics/neucodec_bulgaria_results.json

============================================================
Combined results saved to: /users/mrieff/benchmark-audio-tokenizer/metrics/neucodec_all_languages_summary.json
Evaluation complete!
