PyTorch version: 2.9.0+cpu
CUDA available: False
Using device: cpu
============================================================
NeuCodec Tokenizer Evaluation on EuroSpeech Dataset
============================================================
Languages to evaluate: bosnia-herzegovina

Loading NeuCodec tokenizer...
Tokenizer loaded: NeuCodecTokenizer(checkpoint='neuphonic/neucodec', device='cpu', sample_rate=16000)
  Input sample rate: 16000 Hz
  Output sample rate: 24000 Hz
  Codebook size: 65,536
  Downsample rate: 320x

============================================================
Processing language: bosnia-herzegovina
============================================================
Loaded 100 samples for bosnia-herzegovina

============================================================
Summary for bosnia-herzegovina:
============================================================
Samples processed: 100

Reconstruction Metrics:
  MSE:         0.019472 ± 0.012906
  SNR (dB):    -2.62 ± 2.07 (min: -7.76, max: 2.41)
  SDR (dB):    -2.62 ± 2.04 (min: -8.03, max: 2.15)
  PESQ:        2.009 ± 0.163 (min: 1.506, max: 2.328)
  STOI:        0.8321 ± 0.0393 (min: 0.6758, max: 0.8849)
  ESTOI:       0.6582 ± 0.0522 (min: 0.4899, max: 0.7384)

Tokenization Statistics:
  Tokens/sec:        50.0 ± 0.0
  Compression ratio: 320.2x ± 0.1x

Results saved to: /users/mrieff/benchmark-audio-tokenizer/metrics/neucodec_bosnia-herzegovina_results.json

============================================================
Combined results saved to: /users/mrieff/benchmark-audio-tokenizer/metrics/neucodec_all_languages_summary.json
Evaluation complete!
