PyTorch version: 2.9.0+cpu
CUDA available: False
Using device: cpu
============================================================
NeuCodec Tokenizer Evaluation on EuroSpeech Dataset
============================================================
Languages to evaluate: slovakia

Loading NeuCodec tokenizer...
Tokenizer loaded: NeuCodecTokenizer(checkpoint='neuphonic/neucodec', device='cpu', sample_rate=16000)
  Input sample rate: 16000 Hz
  Output sample rate: 24000 Hz
  Codebook size: 65,536
  Downsample rate: 320x

============================================================
Processing language: slovakia
============================================================
Loaded 100 samples for slovakia

============================================================
Summary for slovakia:
============================================================
Samples processed: 100

Reconstruction Metrics:
  MSE:         0.044337 ± 0.012474
  SNR (dB):    -0.06 ± 0.80 (min: -2.86, max: 1.49)
  SDR (dB):    -0.04 ± 0.79 (min: -2.88, max: 1.56)
  PESQ:        1.814 ± 0.102 (min: 1.541, max: 2.078)
  STOI:        0.8301 ± 0.0503 (min: 0.5413, max: 0.8855)
  ESTOI:       0.6869 ± 0.0598 (min: 0.4027, max: 0.7647)

Tokenization Statistics:
  Tokens/sec:        50.0 ± 0.0
  Compression ratio: 320.2x ± 0.1x

Results saved to: /users/mrieff/benchmark-audio-tokenizer/metrics/neucodec_slovakia_results.json

============================================================
Combined results saved to: /users/mrieff/benchmark-audio-tokenizer/metrics/neucodec_all_languages_summary.json
Evaluation complete!
