PyTorch version: 2.9.0+cpu
CUDA available: False
Using device: cpu
============================================================
NeuCodec Tokenizer Evaluation on EuroSpeech Dataset
============================================================
Languages to evaluate: uk

Loading NeuCodec tokenizer...
Tokenizer loaded: NeuCodecTokenizer(checkpoint='neuphonic/neucodec', device='cpu', sample_rate=16000)
  Input sample rate: 16000 Hz
  Output sample rate: 24000 Hz
  Codebook size: 65,536
  Downsample rate: 320x

============================================================
Processing language: uk
============================================================
Loaded 100 samples for uk

============================================================
Summary for uk:
============================================================
Samples processed: 100

Reconstruction Metrics:
  MSE:         0.012256 ± 0.005569
  SNR (dB):    -2.97 ± 1.45 (min: -7.48, max: 0.39)
  SDR (dB):    -3.01 ± 1.48 (min: -7.57, max: 0.37)
  PESQ:        1.949 ± 0.084 (min: 1.782, max: 2.143)
  STOI:        0.8386 ± 0.0171 (min: 0.7831, max: 0.8738)
  ESTOI:       0.6781 ± 0.0368 (min: 0.5885, max: 0.7686)

Tokenization Statistics:
  Tokens/sec:        50.0 ± 0.0
  Compression ratio: 320.2x ± 0.1x

Results saved to: /users/mrieff/benchmark-audio-tokenizer/metrics/neucodec_uk_results.json

============================================================
Combined results saved to: /users/mrieff/benchmark-audio-tokenizer/metrics/neucodec_all_languages_summary.json
Evaluation complete!
