PyTorch version: 2.9.0+cpu
CUDA available: False
Using device: cpu
============================================================
NeuCodec Tokenizer Evaluation on EuroSpeech Dataset
============================================================
Languages to evaluate: sweden

Loading NeuCodec tokenizer...
Tokenizer loaded: NeuCodecTokenizer(checkpoint='neuphonic/neucodec', device='cpu', sample_rate=16000)
  Input sample rate: 16000 Hz
  Output sample rate: 24000 Hz
  Codebook size: 65,536
  Downsample rate: 320x

============================================================
Processing language: sweden
============================================================
Loaded 100 samples for sweden

============================================================
Summary for sweden:
============================================================
Samples processed: 100

Reconstruction Metrics:
  MSE:         0.019462 ± 0.010232
  SNR (dB):    -1.79 ± 1.74 (min: -6.63, max: 1.56)
  SDR (dB):    -1.76 ± 1.78 (min: -6.49, max: 1.73)
  PESQ:        2.041 ± 0.159 (min: 1.607, max: 2.377)
  STOI:        0.8647 ± 0.0225 (min: 0.7734, max: 0.9003)
  ESTOI:       0.7411 ± 0.0454 (min: 0.5852, max: 0.8225)

Tokenization Statistics:
  Tokens/sec:        50.0 ± 0.0
  Compression ratio: 320.2x ± 0.1x

Results saved to: /users/mrieff/benchmark-audio-tokenizer/metrics/neucodec_sweden_results.json

============================================================
Combined results saved to: /users/mrieff/benchmark-audio-tokenizer/metrics/neucodec_all_languages_summary.json
Evaluation complete!
