PyTorch version: 2.9.0+cpu
CUDA available: False
Using device: cpu
============================================================
NeuCodec Tokenizer Evaluation on EuroSpeech Dataset
============================================================
Languages to evaluate: malta

Loading NeuCodec tokenizer...
Tokenizer loaded: NeuCodecTokenizer(checkpoint='neuphonic/neucodec', device='cpu', sample_rate=16000)
  Input sample rate: 16000 Hz
  Output sample rate: 24000 Hz
  Codebook size: 65,536
  Downsample rate: 320x

============================================================
Processing language: malta
============================================================
Loaded 100 samples for malta

============================================================
Summary for malta:
============================================================
Samples processed: 100

Reconstruction Metrics:
  MSE:         0.015775 ± 0.005624
  SNR (dB):    -1.45 ± 0.87 (min: -4.26, max: 0.28)
  SDR (dB):    -1.55 ± 0.96 (min: -5.13, max: -0.04)
  PESQ:        1.609 ± 0.080 (min: 1.385, max: 1.816)
  STOI:        0.7029 ± 0.0823 (min: 0.5058, max: 0.8090)
  ESTOI:       0.4991 ± 0.0891 (min: 0.3309, max: 0.6375)

Tokenization Statistics:
  Tokens/sec:        50.0 ± 0.0
  Compression ratio: 320.2x ± 0.1x

Results saved to: /users/mrieff/benchmark-audio-tokenizer/metrics/neucodec_malta_results.json

============================================================
Combined results saved to: /users/mrieff/benchmark-audio-tokenizer/metrics/neucodec_all_languages_summary.json
Evaluation complete!
