PyTorch version: 2.9.0+cpu
CUDA available: False
Using device: cpu
============================================================
NeuCodec Tokenizer Evaluation on EuroSpeech Dataset
============================================================
Languages to evaluate: italy

Loading NeuCodec tokenizer...
Tokenizer loaded: NeuCodecTokenizer(checkpoint='neuphonic/neucodec', device='cpu', sample_rate=16000)
  Input sample rate: 16000 Hz
  Output sample rate: 24000 Hz
  Codebook size: 65,536
  Downsample rate: 320x

============================================================
Processing language: italy
============================================================
Loaded 100 samples for italy

============================================================
Summary for italy:
============================================================
Samples processed: 100

Reconstruction Metrics:
  MSE:         0.036361 ± 0.013057
  SNR (dB):    -3.00 ± 0.98 (min: -5.15, max: -1.22)
  SDR (dB):    -3.01 ± 0.97 (min: -5.26, max: -1.29)
  PESQ:        1.837 ± 0.155 (min: 1.539, max: 2.217)
  STOI:        0.8499 ± 0.0182 (min: 0.8099, max: 0.8849)
  ESTOI:       0.7108 ± 0.0396 (min: 0.6389, max: 0.7892)

Tokenization Statistics:
  Tokens/sec:        50.0 ± 0.0
  Compression ratio: 320.2x ± 0.1x

Results saved to: /users/mrieff/benchmark-audio-tokenizer/metrics/neucodec_italy_results.json

============================================================
Combined results saved to: /users/mrieff/benchmark-audio-tokenizer/metrics/neucodec_all_languages_summary.json
Evaluation complete!
