PyTorch version: 2.9.0+cpu
CUDA available: False
Using device: cpu
============================================================
NeuCodec Tokenizer Evaluation on EuroSpeech Dataset
============================================================
Languages to evaluate: portugal

Loading NeuCodec tokenizer...
Tokenizer loaded: NeuCodecTokenizer(checkpoint='neuphonic/neucodec', device='cpu', sample_rate=16000)
  Input sample rate: 16000 Hz
  Output sample rate: 24000 Hz
  Codebook size: 65,536
  Downsample rate: 320x

============================================================
Processing language: portugal
============================================================
Loaded 100 samples for portugal

============================================================
Summary for portugal:
============================================================
Samples processed: 100

Reconstruction Metrics:
  MSE:         0.017878 ± 0.010696
  SNR (dB):    -2.36 ± 1.66 (min: -5.92, max: 0.50)
  SDR (dB):    -2.34 ± 1.66 (min: -5.88, max: 0.55)
  PESQ:        1.845 ± 0.119 (min: 1.513, max: 2.086)
  STOI:        0.7983 ± 0.0420 (min: 0.5433, max: 0.8542)
  ESTOI:       0.5919 ± 0.0442 (min: 0.3445, max: 0.6829)

Tokenization Statistics:
  Tokens/sec:        50.0 ± 0.0
  Compression ratio: 320.2x ± 0.1x

Results saved to: /users/mrieff/benchmark-audio-tokenizer/metrics/neucodec_portugal_results.json

============================================================
Combined results saved to: /users/mrieff/benchmark-audio-tokenizer/metrics/neucodec_all_languages_summary.json
Evaluation complete!
