PyTorch version: 2.9.0+cpu
CUDA available: False
Using device: cpu
============================================================
NeuCodec Tokenizer Evaluation on EuroSpeech Dataset
============================================================
Languages to evaluate: estonia

Loading NeuCodec tokenizer...
Tokenizer loaded: NeuCodecTokenizer(checkpoint='neuphonic/neucodec', device='cpu', sample_rate=16000)
  Input sample rate: 16000 Hz
  Output sample rate: 24000 Hz
  Codebook size: 65,536
  Downsample rate: 320x

============================================================
Processing language: estonia
============================================================
Loaded 100 samples for estonia

============================================================
Summary for estonia:
============================================================
Samples processed: 100

Reconstruction Metrics:
  MSE:         0.016261 ± 0.010325
  SNR (dB):    -1.61 ± 1.90 (min: -6.02, max: 2.04)
  SDR (dB):    -1.51 ± 1.97 (min: -6.06, max: 2.13)
  PESQ:        1.924 ± 0.224 (min: 1.469, max: 2.544)
  STOI:        0.8370 ± 0.0506 (min: 0.4178, max: 0.8818)
  ESTOI:       0.6891 ± 0.0579 (min: 0.2783, max: 0.7745)

Tokenization Statistics:
  Tokens/sec:        50.0 ± 0.0
  Compression ratio: 320.2x ± 0.1x

Results saved to: /users/mrieff/benchmark-audio-tokenizer/metrics/neucodec_estonia_results.json

============================================================
Combined results saved to: /users/mrieff/benchmark-audio-tokenizer/metrics/neucodec_all_languages_summary.json
Evaluation complete!
