PyTorch version: 2.9.0+cpu
CUDA available: False
Using device: cpu
============================================================
NeuCodec Tokenizer Evaluation on EuroSpeech Dataset
============================================================
Languages to evaluate: germany

Loading NeuCodec tokenizer...
Tokenizer loaded: NeuCodecTokenizer(checkpoint='neuphonic/neucodec', device='cpu', sample_rate=16000)
  Input sample rate: 16000 Hz
  Output sample rate: 24000 Hz
  Codebook size: 65,536
  Downsample rate: 320x

============================================================
Processing language: germany
============================================================
Loaded 100 samples for germany

============================================================
Summary for germany:
============================================================
Samples processed: 100

Reconstruction Metrics:
  MSE:         0.028948 ± 0.016501
  SNR (dB):    -1.71 ± 1.87 (min: -5.40, max: 2.35)
  SDR (dB):    -1.72 ± 1.88 (min: -5.39, max: 2.70)
  PESQ:        1.738 ± 0.108 (min: 1.453, max: 2.107)
  STOI:        0.8372 ± 0.0428 (min: 0.5875, max: 0.8783)
  ESTOI:       0.6916 ± 0.0633 (min: 0.3691, max: 0.7795)

Tokenization Statistics:
  Tokens/sec:        50.0 ± 0.0
  Compression ratio: 320.2x ± 0.1x

Results saved to: /users/mrieff/benchmark-audio-tokenizer/metrics/neucodec_germany_results.json

============================================================
Combined results saved to: /users/mrieff/benchmark-audio-tokenizer/metrics/neucodec_all_languages_summary.json
Evaluation complete!
