PyTorch version: 2.9.0+cpu
CUDA available: False
Using device: cpu
============================================================
NeuCodec Tokenizer Evaluation on EuroSpeech Dataset
============================================================
Languages to evaluate: france

Loading NeuCodec tokenizer...
Tokenizer loaded: NeuCodecTokenizer(checkpoint='neuphonic/neucodec', device='cpu', sample_rate=16000)
  Input sample rate: 16000 Hz
  Output sample rate: 24000 Hz
  Codebook size: 65,536
  Downsample rate: 320x

============================================================
Processing language: france
============================================================
Loaded 100 samples for france

============================================================
Summary for france:
============================================================
Samples processed: 100

Reconstruction Metrics:
  MSE:         0.026290 ± 0.013977
  SNR (dB):    -1.80 ± 1.61 (min: -5.68, max: 1.67)
  SDR (dB):    -1.77 ± 1.62 (min: -5.56, max: 1.52)
  PESQ:        1.970 ± 0.164 (min: 1.629, max: 2.491)
  STOI:        0.8616 ± 0.0205 (min: 0.7626, max: 0.8980)
  ESTOI:       0.7421 ± 0.0337 (min: 0.6123, max: 0.8091)

Tokenization Statistics:
  Tokens/sec:        50.0 ± 0.0
  Compression ratio: 320.2x ± 0.1x

Results saved to: /users/mrieff/benchmark-audio-tokenizer/metrics/neucodec_france_results.json

============================================================
Combined results saved to: /users/mrieff/benchmark-audio-tokenizer/metrics/neucodec_all_languages_summary.json
Evaluation complete!
