PyTorch version: 2.9.0+cpu
CUDA available: False
Using device: cpu
============================================================
NeuCodec Tokenizer Evaluation on EuroSpeech Dataset
============================================================
Languages to evaluate: croatia

Loading NeuCodec tokenizer...
Tokenizer loaded: NeuCodecTokenizer(checkpoint='neuphonic/neucodec', device='cpu', sample_rate=16000)
  Input sample rate: 16000 Hz
  Output sample rate: 24000 Hz
  Codebook size: 65,536
  Downsample rate: 320x

============================================================
Processing language: croatia
============================================================
Loaded 100 samples for croatia

============================================================
Summary for croatia:
============================================================
Samples processed: 100

Reconstruction Metrics:
  MSE:         0.034780 ± 0.012674
  SNR (dB):    -2.38 ± 1.28 (min: -6.22, max: 0.40)
  SDR (dB):    -2.36 ± 1.27 (min: -6.30, max: 0.36)
  PESQ:        1.534 ± 0.108 (min: 1.168, max: 1.754)
  STOI:        0.7074 ± 0.0627 (min: 0.4885, max: 0.8138)
  ESTOI:       0.4931 ± 0.0691 (min: 0.3474, max: 0.6233)

Tokenization Statistics:
  Tokens/sec:        50.0 ± 0.0
  Compression ratio: 320.2x ± 0.1x

Results saved to: /users/mrieff/benchmark-audio-tokenizer/metrics/neucodec_croatia_results.json

============================================================
Combined results saved to: /users/mrieff/benchmark-audio-tokenizer/metrics/neucodec_all_languages_summary.json
Evaluation complete!
